
--- supervisor spawn 2026-07-09T06:55:38.508Z parent=32468 ---

--- watcher spawn 2026-07-09T06:55:38.768Z supervisor=23196 reason=initial ---
(node:36024) [MODULE_TYPELESS_PACKAGE_JSON] Warning: Module type of file:///C:/Users/user/.gm-tools/plugkit-wasm-wrapper.js is not specified and it doesn't parse as CommonJS.
Reparsing as ES module because module syntax was detected. This incurs a performance overhead.
To eliminate this warning, add "type": "module" to C:\Users\user\package.json.
(Use `node --trace-warnings ...` to show where the warning was created)
[plugkit-wasm] plugkit v0.1.832 (wasm)
[plugkit-wasm] watching C:\dev\nevil\.gm\exec-spool\in
[plugkit-wasm] spool watcher running
(node:36024) [DEP0190] DeprecationWarning: Passing args to a child process with shell option true can lead to security vulnerabilities, as the arguments are not escaped, only concatenated.
[plugkit-wasm] evt: {"event":"codeinsight_rebuild","reason":"digest-absent","stored_then_current":"v2:0396ac2851a1c5be:files=12","ts":1783580148670}
[plugkit-wasm:warn] code_index: indexing root=. files=15 libsql_ok=true manifests=0
[plugkit-wasm] evt: {"event":"embed.wasm-loading","reason":"host_vec_embed probe failed; loading wasm-side bert model","ts":1783580148748}
[plugkit-wasm] evt: {"embed_dim":384,"event":"embed.model-loaded","model":"BAAI/bge-small-en-v1.5","num_hidden_layers":12,"safetensors_bytes":133466304,"tokenizer_bytes":711396,"ts":1783580148950}
[plugkit-wasm:warn] embed::init_ctx OK (host_delegated=false)
[plugkit-wasm] evt: {"event":"embed_init_ok","host_delegated":false,"safetensors_bytes":133466304,"tokenizer_bytes":711396,"ts":1783580148952}
[plugkit-wasm:warn] code_index: partial pass (wall budget) files_indexed=5 deferred_files=7 embedded=29 reused=0 -- digest withheld, next call resumes
[plugkit-wasm] evt: {"deferred_files":7,"embedded":29,"event":"codeinsight_index_partial","files_indexed":5,"ts":1783580163347}
[dispatch] -> verb=instruction task=1 body=121b
[plugkit-wasm] evt: {"event":"memory_md_exported","exported":0,"namespace":"default","skipped":0,"total":0,"ts":1783580165590}
[plugkit-wasm] evt: {"event":"recall","hit":false,"mode":"auto_recall","n_hits":0,"namespace":"default","query":"apply all policies preferences make familiar","sub":"memory","ts":1783580165692}
[plugkit-wasm] evt: {"event":"recall","hit":false,"mode":"auto_recall","n_hits":0,"namespace":"default","query":"apply familiar graphql","sub":"memory","ts":1783580165858}
[plugkit-wasm:warn] instruction::handle start body_len=121
[plugkit-wasm:warn] instruction::handle pre-recall query_len=108 prd_pending=0
[plugkit-wasm:warn] recall::recall_hits start query_len=44 embed_len=108 limit=5
[plugkit-wasm] evt: {"event":"embed.query_cache_hit","query_len":108,"ts":1783580166021}
[plugkit-wasm:warn] recall::recall_hits embed_done embedded=true
[plugkit-wasm:warn] recall::recall_hits vec_search returned
[plugkit-wasm:warn] recall::recall_hits kv_query returned
[plugkit-wasm] evt: {"event":"recall","hit":false,"mode":"kv_query","n_hits":0,"namespace":"default","query":"apply all policies preferences make familiar","sub":"memory","ts":1783580166118}
[plugkit-wasm:warn] instruction::handle post-recall
[plugkit-wasm:warn] instruction::handle done out_len=6425
[dispatch] <- verb=instruction task=1 ms=725 out=6712b
[dispatch] -> verb=recall task=1 body=56b
[dispatch] <- verb=recall task=1 ms=92 out=206b
[dispatch] -> verb=codesearch task=1 body=39b
[plugkit-wasm] evt: {"event":"codeinsight_rebuild","reason":"digest-absent","stored_then_current":"v2:0396ac2851a1c5be:files=12","ts":1783580173253}
[plugkit-wasm:warn] code_index: indexing root=. files=15 libsql_ok=true manifests=5
[plugkit-wasm:warn] code_index: done files_indexed=12 chunks=50 embedded=21 reused=29 reused_files=5 removed_files=0 skipped_no_embed=0 digest=v2:0396ac2851a1c5be:files=12
[plugkit-wasm] evt: {"deferred_count":0,"event":"rssearch_vectors_migrated","migrated_count":21,"namespace":"codeinsight","skipped_count":0,"ts":1783580188231}
[dispatch] <- verb=codesearch task=1 ms=15206 out=42260b
[dispatch] -> verb=prd-add task=1 body=438b
[dispatch] <- verb=prd-add task=1 ms=15 out=109b
[dispatch] -> verb=prd-add task=2 body=401b
[dispatch] <- verb=prd-add task=2 ms=8 out=105b
[dispatch] -> verb=prd-add task=3 body=338b
[dispatch] <- verb=prd-add task=3 ms=7 out=115b
[dispatch] -> verb=prd-add task=4 body=364b
[dispatch] <- verb=prd-add task=4 ms=7 out=112b
[dispatch] -> verb=prd-add task=5 body=330b
[dispatch] <- verb=prd-add task=5 ms=6 out=105b
[dispatch] -> verb=prd-add task=6 body=294b
[dispatch] <- verb=prd-add task=6 ms=6 out=110b
[dispatch] -> verb=prd-add task=7 body=374b
[dispatch] <- verb=prd-add task=7 ms=7 out=112b
[dispatch] -> verb=prd-add task=8 body=404b
[dispatch] <- verb=prd-add task=8 ms=7 out=111b
[dispatch] -> verb=prd-add task=9 body=349b
[dispatch] <- verb=prd-add task=9 ms=8 out=110b
[dispatch] -> verb=prd-add task=10 body=349b
[dispatch] <- verb=prd-add task=10 ms=7 out=113b
[dispatch] -> verb=instruction task=3 body=2b
[plugkit-wasm:warn] instruction::handle start body_len=2
[plugkit-wasm:warn] instruction::handle pre-recall query_len=108 prd_pending=10
[plugkit-wasm:warn] recall::recall_hits start query_len=44 embed_len=108 limit=5
[plugkit-wasm] evt: {"event":"embed.query_cache_hit","query_len":108,"ts":1783580238302}
[plugkit-wasm:warn] recall::recall_hits embed_done embedded=true
[plugkit-wasm:warn] recall::recall_hits vec_search returned
[plugkit-wasm:warn] recall::recall_hits kv_query returned
[plugkit-wasm] evt: {"event":"recall","hit":false,"mode":"kv_query","n_hits":0,"namespace":"default","query":"apply all policies preferences make familiar","sub":"memory","ts":1783580238413}
[plugkit-wasm:warn] instruction::handle post-recall
[plugkit-wasm:warn] instruction::handle done out_len=11504
[dispatch] <- verb=instruction task=3 ms=122 out=11570b
[dispatch] -> verb=transition task=1 body=16b
[plugkit-wasm:warn] recall::recall_hits start query_len=7 embed_len=7 limit=3
[plugkit-wasm:warn] recall::recall_hits embed_done embedded=true
[plugkit-wasm:warn] recall::recall_hits vec_search returned
[plugkit-wasm:warn] recall::recall_hits kv_query returned
[plugkit-wasm] evt: {"event":"recall","hit":false,"mode":"kv_query","n_hits":0,"namespace":"default","query":"EXECUTE","sub":"memory","ts":1783580249180}
[dispatch] <- verb=transition task=1 ms=179 out=132b
